<?xml version="1.0" encoding="UTF-8"?>
<testsuite name="banking.DepositCommandProcessorTest" tests="2" skipped="0" failures="0" errors="0" timestamp="2023-12-12T00:53:52" hostname="Mustafas-MacBook-Air.local" time="0.0">
  <properties/>
  <testcase name="ID_has_correct_balance_for_two_accounts()" classname="banking.DepositCommandProcessorTest" time="0.0"/>
  <testcase name="ID_has_correct_balance_for_one_account()" classname="banking.DepositCommandProcessorTest" time="0.0"/>
  <system-out><![CDATA[]]></system-out>
  <system-err><![CDATA[]]></system-err>
</testsuite>
