<?xml version="1.0" encoding="UTF-8"?>
<testsuite name="banking.MasterControlTest" tests="22" skipped="0" failures="0" errors="0" timestamp="2023-12-12T00:53:52" hostname="Mustafas-MacBook-Air.local" time="0.068">
  <properties/>
  <testcase name="cannot_make_transfer_greater_than_four_hundred_from_checking_to_savings()" classname="banking.MasterControlTest" time="0.042"/>
  <testcase name="cannot_create_an_account_that_is_not_an_eight_digit_number()" classname="banking.MasterControlTest" time="0.0"/>
  <testcase name="create_another_account_with_previously_closed_account_ID()" classname="banking.MasterControlTest" time="0.002"/>
  <testcase name="cannot_withdraw_and_transfer_within_the_same_month_from_savings()" classname="banking.MasterControlTest" time="0.002"/>
  <testcase name="cannot_withdraw_more_than_thousand_from_checking()" classname="banking.MasterControlTest" time="0.001"/>
  <testcase name="cannot_deposit_more_than_a_thousand_into_checking_accounts()" classname="banking.MasterControlTest" time="0.0"/>
  <testcase name="sample_make_sure_this_passes_unchanged()" classname="banking.MasterControlTest" time="0.001"/>
  <testcase name="can_make_withdrawal_from_savings()" classname="banking.MasterControlTest" time="0.0"/>
  <testcase name="can_make_deposits_into_checking_and_savings()" classname="banking.MasterControlTest" time="0.0"/>
  <testcase name="pass_time_with_all_three_different_accounts_present_in_bank()" classname="banking.MasterControlTest" time="0.001"/>
  <testcase name="cannot_make_transfer_between_accounts_if_one_doesnt_exist()" classname="banking.MasterControlTest" time="0.002"/>
  <testcase name="cannot_withdraw_from_cd_younger_than_twelve_months()" classname="banking.MasterControlTest" time="0.0"/>
  <testcase name="cannot_transfer_greater_than_four_hundred_between_checking_accounts()" classname="banking.MasterControlTest" time="0.001"/>
  <testcase name="cannot_deposit_more_than_twenty_five_hundred_dollars_into_savings()" classname="banking.MasterControlTest" time="0.001"/>
  <testcase name="cannot_deposit_into_a_CD_account()" classname="banking.MasterControlTest" time="0.001"/>
  <testcase name="cannot_withdraw_from_savings_account_twice_in_one_month()" classname="banking.MasterControlTest" time="0.002"/>
  <testcase name="can_make_transfer_from_checking_to_savings()" classname="banking.MasterControlTest" time="0.0"/>
  <testcase name="cannot_withdraw_from_an_account_that_does_not_exist()" classname="banking.MasterControlTest" time="0.0"/>
  <testcase name="cannot_transfer_greater_than_thousand_between_savings_accounts()" classname="banking.MasterControlTest" time="0.003"/>
  <testcase name="can_make_withdrawal_from_checking()" classname="banking.MasterControlTest" time="0.002"/>
  <testcase name="cannot_withdraw_more_than_four_hundred_from_checking()" classname="banking.MasterControlTest" time="0.0"/>
  <testcase name="cannot_deposit_into_account_that_does_not_exist()" classname="banking.MasterControlTest" time="0.0"/>
  <system-out><![CDATA[]]></system-out>
  <system-err><![CDATA[]]></system-err>
</testsuite>
