<?xml version="1.0" encoding="UTF-8"?>
<testsuite name="banking.CommandProcessorTest" tests="5" skipped="0" failures="0" errors="0" timestamp="2023-12-12T00:53:52" hostname="Mustafas-MacBook-Air.local" time="0.022">
  <properties/>
  <testcase name="ID_has_correct_balance_after_one_month()" classname="banking.CommandProcessorTest" time="0.014"/>
  <testcase name="ID_has_correct_balance_after_withdrawal()" classname="banking.CommandProcessorTest" time="0.002"/>
  <testcase name="one_account_added()" classname="banking.CommandProcessorTest" time="0.0"/>
  <testcase name="ID_has_correct_balance_for_one_account()" classname="banking.CommandProcessorTest" time="0.0"/>
  <testcase name="ID_has_correct_balance_after_transfer()" classname="banking.CommandProcessorTest" time="0.002"/>
  <system-out><![CDATA[]]></system-out>
  <system-err><![CDATA[]]></system-err>
</testsuite>
